<?xml version="1.0" encoding="UTF-8"?>
<testng-results skipped="0" failed="0" total="1" passed="1">
  <reporter-output>
  </reporter-output>
  <suite name="Default suite" duration-ms="14694" started-at="2020-01-08T12:26:19Z" finished-at="2020-01-08T12:26:34Z">
    <groups>
    </groups>
    <test name="Default test" duration-ms="14694" started-at="2020-01-08T12:26:19Z" finished-at="2020-01-08T12:26:34Z">
      <class name="Data_methods">
        <test-method status="PASS" signature="setup()[pri:0, instance:Data_methods@61832929]" name="setup" is-config="true" duration-ms="16466" started-at="2020-01-08T17:56:03Z" finished-at="2020-01-08T17:56:19Z">
          <reporter-output>
          </reporter-output>
        </test-method> <!-- setup -->
        <test-method status="PASS" signature="EmailMethod()[pri:0, instance:Data_methods@61832929]" name="EmailMethod" is-config="true" duration-ms="0" started-at="2020-01-08T17:56:19Z" finished-at="2020-01-08T17:56:19Z">
          <reporter-output>
          </reporter-output>
        </test-method> <!-- EmailMethod -->
        <test-method status="PASS" signature="DataMethod()[pri:0, instance:Data_methods@61832929]" name="DataMethod" duration-ms="14598" started-at="2020-01-08T17:56:19Z" finished-at="2020-01-08T17:56:34Z">
          <reporter-output>
          </reporter-output>
        </test-method> <!-- DataMethod -->
      </class> <!-- Data_methods -->
    </test> <!-- Default test -->
  </suite> <!-- Default suite -->
</testng-results>
